{"Z:\\PgmApp\\TasksAPI-BackEnd\\src\\app.ts": {"path":"Z:\\PgmApp\\TasksAPI-BackEnd\\src\\app.ts","statementMap":{"0":{"start":{"line":1,"column":0},"end":{"line":1,"column":30}},"1":{"start":{"line":2,"column":0},"end":{"line":2,"column":24}},"2":{"start":{"line":3,"column":0},"end":{"line":3,"column":41}},"3":{"start":{"line":4,"column":0},"end":{"line":4,"column":48}},"4":{"start":{"line":5,"column":0},"end":{"line":5,"column":57}},"5":{"start":{"line":6,"column":0},"end":{"line":6,"column":43}},"6":{"start":{"line":8,"column":12},"end":{"line":8,"column":21}},"7":{"start":{"line":10,"column":0},"end":{"line":10,"column":18}},"8":{"start":{"line":13,"column":0},"end":{"line":13,"column":98}},"9":{"start":{"line":15,"column":0},"end":{"line":23,"column":4}},"10":{"start":{"line":19,"column":16},"end":{"line":19,"column":78}},"11":{"start":{"line":20,"column":4},"end":{"line":20,"column":21}},"12":{"start":{"line":21,"column":4},"end":{"line":21,"column":14}},"13":{"start":{"line":25,"column":0},"end":{"line":25,"column":24}},"14":{"start":{"line":27,"column":0},"end":{"line":27,"column":31}},"15":{"start":{"line":29,"column":0},"end":{"line":29,"column":77}},"16":{"start":{"line":29,"column":27},"end":{"line":29,"column":75}},"17":{"start":{"line":31,"column":0},"end":{"line":31,"column":22}},"18":{"start":{"line":33,"column":0},"end":{"line":33,"column":19}}},"fnMap":{"0":{"name":"(anonymous_1)","decl":{"start":{"line":18,"column":11},"end":{"line":18,"column":12}},"loc":{"start":{"line":18,"column":30},"end":{"line":22,"column":3}}},"1":{"name":"(anonymous_2)","decl":{"start":{"line":29,"column":13},"end":{"line":29,"column":14}},"loc":{"start":{"line":29,"column":27},"end":{"line":29,"column":75}}}},"branchMap":{},"s":{"0":2,"1":2,"2":2,"3":2,"4":2,"5":2,"6":2,"7":2,"8":2,"9":2,"10":2,"11":2,"12":2,"13":2,"14":2,"15":2,"16":100,"17":2,"18":2},"f":{"0":2,"1":100},"b":{}}
,"Z:\\PgmApp\\TasksAPI-BackEnd\\src\\config\\swagger.ts": {"path":"Z:\\PgmApp\\TasksAPI-BackEnd\\src\\config\\swagger.ts","statementMap":{"0":{"start":{"line":1,"column":0},"end":{"line":1,"column":41}},"1":{"start":{"line":2,"column":0},"end":{"line":2,"column":43}},"2":{"start":{"line":6,"column":28},"end":{"line":25,"column":1}},"3":{"start":{"line":7,"column":18},"end":{"line":17,"column":4}},"4":{"start":{"line":19,"column":2},"end":{"line":19,"column":70}},"5":{"start":{"line":21,"column":16},"end":{"line":21,"column":37}},"6":{"start":{"line":22,"column":2},"end":{"line":22,"column":72}},"7":{"start":{"line":24,"column":2},"end":{"line":24,"column":60}},"8":{"start":{"line":6,"column":13},"end":{"line":6,"column":28}}},"fnMap":{"0":{"name":"(anonymous_1)","decl":{"start":{"line":6,"column":28},"end":{"line":6,"column":29}},"loc":{"start":{"line":6,"column":45},"end":{"line":25,"column":1}}}},"branchMap":{},"s":{"0":2,"1":2,"2":2,"3":2,"4":2,"5":2,"6":2,"7":2,"8":2},"f":{"0":2},"b":{}}
,"Z:\\PgmApp\\TasksAPI-BackEnd\\src\\controllers\\taskController.ts": {"path":"Z:\\PgmApp\\TasksAPI-BackEnd\\src\\controllers\\taskController.ts","statementMap":{"0":{"start":{"line":5,"column":0},"end":{"line":5,"column":7}},"1":{"start":{"line":16,"column":0},"end":{"line":16,"column":7}},"2":{"start":{"line":32,"column":0},"end":{"line":32,"column":7}},"3":{"start":{"line":45,"column":0},"end":{"line":45,"column":7}},"4":{"start":{"line":2,"column":0},"end":{"line":2,"column":55}},"5":{"start":{"line":3,"column":0},"end":{"line":3,"column":37}},"6":{"start":{"line":6,"column":2},"end":{"line":13,"column":3}},"7":{"start":{"line":7,"column":17},"end":{"line":7,"column":56}},"8":{"start":{"line":8,"column":18},"end":{"line":8,"column":59}},"9":{"start":{"line":9,"column":18},"end":{"line":9,"column":58}},"10":{"start":{"line":10,"column":4},"end":{"line":10,"column":20}},"11":{"start":{"line":12,"column":4},"end":{"line":12,"column":14}},"12":{"start":{"line":17,"column":2},"end":{"line":29,"column":3}},"13":{"start":{"line":18,"column":18},"end":{"line":18,"column":42}},"14":{"start":{"line":19,"column":24},"end":{"line":19,"column":60}},"15":{"start":{"line":21,"column":4},"end":{"line":23,"column":5}},"16":{"start":{"line":22,"column":6},"end":{"line":22,"column":84}},"17":{"start":{"line":25,"column":17},"end":{"line":25,"column":69}},"18":{"start":{"line":26,"column":4},"end":{"line":26,"column":31}},"19":{"start":{"line":28,"column":4},"end":{"line":28,"column":14}},"20":{"start":{"line":33,"column":2},"end":{"line":42,"column":3}},"21":{"start":{"line":34,"column":15},"end":{"line":34,"column":36}},"22":{"start":{"line":35,"column":4},"end":{"line":35,"column":37}},"23":{"start":{"line":36,"column":4},"end":{"line":36,"column":27}},"24":{"start":{"line":38,"column":4},"end":{"line":40,"column":5}},"25":{"start":{"line":39,"column":6},"end":{"line":39,"column":81}},"26":{"start":{"line":41,"column":4},"end":{"line":41,"column":14}},"27":{"start":{"line":46,"column":2},"end":{"line":60,"column":3}},"28":{"start":{"line":47,"column":15},"end":{"line":47,"column":36}},"29":{"start":{"line":48,"column":17},"end":{"line":48,"column":59}},"30":{"start":{"line":50,"column":4},"end":{"line":52,"column":5}},"31":{"start":{"line":51,"column":6},"end":{"line":51,"column":81}},"32":{"start":{"line":54,"column":4},"end":{"line":54,"column":19}},"33":{"start":{"line":56,"column":4},"end":{"line":58,"column":5}},"34":{"start":{"line":57,"column":6},"end":{"line":57,"column":81}},"35":{"start":{"line":59,"column":4},"end":{"line":59,"column":14}}},"fnMap":{"0":{"name":"listTasks","decl":{"start":{"line":5,"column":22},"end":{"line":5,"column":31}},"loc":{"start":{"line":5,"column":79},"end":{"line":14,"column":1}}},"1":{"name":"createTask","decl":{"start":{"line":16,"column":22},"end":{"line":16,"column":32}},"loc":{"start":{"line":16,"column":80},"end":{"line":30,"column":1}}},"2":{"name":"deleteTask","decl":{"start":{"line":32,"column":22},"end":{"line":32,"column":32}},"loc":{"start":{"line":32,"column":80},"end":{"line":43,"column":1}}},"3":{"name":"updateTaskController","decl":{"start":{"line":45,"column":22},"end":{"line":45,"column":42}},"loc":{"start":{"line":45,"column":90},"end":{"line":61,"column":1}}}},"branchMap":{"0":{"loc":{"start":{"line":7,"column":17},"end":{"line":7,"column":56}},"type":"binary-expr","locations":[{"start":{"line":7,"column":17},"end":{"line":7,"column":51}},{"start":{"line":7,"column":55},"end":{"line":7,"column":56}}]},"1":{"loc":{"start":{"line":8,"column":18},"end":{"line":8,"column":59}},"type":"binary-expr","locations":[{"start":{"line":8,"column":18},"end":{"line":8,"column":53}},{"start":{"line":8,"column":57},"end":{"line":8,"column":59}}]},"2":{"loc":{"start":{"line":19,"column":33},"end":{"line":19,"column":59}},"type":"binary-expr","locations":[{"start":{"line":19,"column":33},"end":{"line":19,"column":53}},{"start":{"line":19,"column":57},"end":{"line":19,"column":59}}]},"3":{"loc":{"start":{"line":21,"column":4},"end":{"line":23,"column":5}},"type":"if","locations":[{"start":{"line":21,"column":4},"end":{"line":23,"column":5}}]},"4":{"loc":{"start":{"line":21,"column":8},"end":{"line":21,"column":37}},"type":"binary-expr","locations":[{"start":{"line":21,"column":8},"end":{"line":21,"column":14}},{"start":{"line":21,"column":18},"end":{"line":21,"column":37}}]},"5":{"loc":{"start":{"line":38,"column":4},"end":{"line":40,"column":5}},"type":"if","locations":[{"start":{"line":38,"column":4},"end":{"line":40,"column":5}}]},"6":{"loc":{"start":{"line":38,"column":8},"end":{"line":38,"column":64}},"type":"binary-expr","locations":[{"start":{"line":38,"column":8},"end":{"line":38,"column":28}},{"start":{"line":38,"column":32},"end":{"line":38,"column":64}}]},"7":{"loc":{"start":{"line":50,"column":4},"end":{"line":52,"column":5}},"type":"if","locations":[{"start":{"line":50,"column":4},"end":{"line":52,"column":5}}]},"8":{"loc":{"start":{"line":56,"column":4},"end":{"line":58,"column":5}},"type":"if","locations":[{"start":{"line":56,"column":4},"end":{"line":58,"column":5}}]},"9":{"loc":{"start":{"line":56,"column":8},"end":{"line":56,"column":64}},"type":"binary-expr","locations":[{"start":{"line":56,"column":8},"end":{"line":56,"column":28}},{"start":{"line":56,"column":32},"end":{"line":56,"column":64}}]}},"s":{"0":3,"1":3,"2":3,"3":3,"4":3,"5":3,"6":2,"7":2,"8":2,"9":2,"10":1,"11":1,"12":3,"13":3,"14":3,"15":3,"16":0,"17":3,"18":2,"19":1,"20":3,"21":3,"22":3,"23":1,"24":2,"25":2,"26":0,"27":5,"28":5,"29":5,"30":1,"31":0,"32":1,"33":4,"34":4,"35":0},"f":{"0":2,"1":3,"2":3,"3":5},"b":{"0":[2,1],"1":[2,1],"2":[3,0],"3":[0],"4":[3,3],"5":[2],"6":[2,1],"7":[0],"8":[4],"9":[4,3]}}
,"Z:\\PgmApp\\TasksAPI-BackEnd\\src\\db\\prismaClient.ts": {"path":"Z:\\PgmApp\\TasksAPI-BackEnd\\src\\db\\prismaClient.ts","statementMap":{"0":{"start":{"line":1,"column":0},"end":{"line":1,"column":46}},"1":{"start":{"line":3,"column":15},"end":{"line":3,"column":33}},"2":{"start":{"line":5,"column":0},"end":{"line":5,"column":22}}},"fnMap":{},"branchMap":{},"s":{"0":1,"1":1,"2":1},"f":{},"b":{}}
,"Z:\\PgmApp\\TasksAPI-BackEnd\\src\\middleware\\errorHandler.ts": {"path":"Z:\\PgmApp\\TasksAPI-BackEnd\\src\\middleware\\errorHandler.ts","statementMap":{"0":{"start":{"line":3,"column":28},"end":{"line":10,"column":1}},"1":{"start":{"line":4,"column":2},"end":{"line":4,"column":32}},"2":{"start":{"line":5,"column":17},"end":{"line":5,"column":75}},"3":{"start":{"line":6,"column":2},"end":{"line":9,"column":5}},"4":{"start":{"line":3,"column":13},"end":{"line":3,"column":28}}},"fnMap":{"0":{"name":"(anonymous_0)","decl":{"start":{"line":3,"column":28},"end":{"line":3,"column":29}},"loc":{"start":{"line":3,"column":91},"end":{"line":10,"column":1}}}},"branchMap":{"0":{"loc":{"start":{"line":5,"column":17},"end":{"line":5,"column":75}},"type":"cond-expr","locations":[{"start":{"line":5,"column":52},"end":{"line":5,"column":55}},{"start":{"line":5,"column":58},"end":{"line":5,"column":75}}]},"1":{"loc":{"start":{"line":5,"column":58},"end":{"line":5,"column":75}},"type":"binary-expr","locations":[{"start":{"line":5,"column":58},"end":{"line":5,"column":68}},{"start":{"line":5,"column":72},"end":{"line":5,"column":75}}]},"2":{"loc":{"start":{"line":8,"column":13},"end":{"line":8,"column":51}},"type":"binary-expr","locations":[{"start":{"line":8,"column":13},"end":{"line":8,"column":24}},{"start":{"line":8,"column":28},"end":{"line":8,"column":51}}]}},"s":{"0":4,"1":10,"2":10,"3":10,"4":4},"f":{"0":10},"b":{"0":[1,9],"1":[9,4],"2":[10,1]}}
,"Z:\\PgmApp\\TasksAPI-BackEnd\\src\\routes\\tasks.ts": {"path":"Z:\\PgmApp\\TasksAPI-BackEnd\\src\\routes\\tasks.ts","statementMap":{"0":{"start":{"line":1,"column":0},"end":{"line":1,"column":33}},"1":{"start":{"line":2,"column":0},"end":{"line":2,"column":64}},"2":{"start":{"line":3,"column":0},"end":{"line":3,"column":48}},"3":{"start":{"line":4,"column":0},"end":{"line":4,"column":64}},"4":{"start":{"line":6,"column":15},"end":{"line":6,"column":23}},"5":{"start":{"line":135,"column":0},"end":{"line":135,"column":42}},"6":{"start":{"line":137,"column":0},"end":{"line":150,"column":2}},"7":{"start":{"line":153,"column":0},"end":{"line":158,"column":2}},"8":{"start":{"line":160,"column":0},"end":{"line":165,"column":2}},"9":{"start":{"line":167,"column":0},"end":{"line":167,"column":22}}},"fnMap":{},"branchMap":{},"s":{"0":3,"1":3,"2":3,"3":3,"4":3,"5":3,"6":3,"7":3,"8":3,"9":3},"f":{},"b":{}}
,"Z:\\PgmApp\\TasksAPI-BackEnd\\src\\services\\taskService.ts": {"path":"Z:\\PgmApp\\TasksAPI-BackEnd\\src\\services\\taskService.ts","statementMap":{"0":{"start":{"line":3,"column":0},"end":{"line":3,"column":7}},"1":{"start":{"line":14,"column":0},"end":{"line":14,"column":7}},"2":{"start":{"line":23,"column":0},"end":{"line":23,"column":7}},"3":{"start":{"line":36,"column":0},"end":{"line":36,"column":7}},"4":{"start":{"line":1,"column":0},"end":{"line":1,"column":40}},"5":{"start":{"line":4,"column":15},"end":{"line":4,"column":33}},"6":{"start":{"line":5,"column":2},"end":{"line":10,"column":5}},"7":{"start":{"line":15,"column":2},"end":{"line":20,"column":5}},"8":{"start":{"line":24,"column":15},"end":{"line":24,"column":62}},"9":{"start":{"line":25,"column":2},"end":{"line":27,"column":3}},"10":{"start":{"line":26,"column":4},"end":{"line":26,"column":38}},"11":{"start":{"line":29,"column":2},"end":{"line":32,"column":5}},"12":{"start":{"line":37,"column":15},"end":{"line":37,"column":62}},"13":{"start":{"line":38,"column":2},"end":{"line":38,"column":65}},"14":{"start":{"line":38,"column":31},"end":{"line":38,"column":65}},"15":{"start":{"line":39,"column":2},"end":{"line":45,"column":5}}},"fnMap":{"0":{"name":"listTasks","decl":{"start":{"line":3,"column":22},"end":{"line":3,"column":31}},"loc":{"start":{"line":3,"column":52},"end":{"line":11,"column":1}}},"1":{"name":"createTask","decl":{"start":{"line":14,"column":22},"end":{"line":14,"column":32}},"loc":{"start":{"line":14,"column":78},"end":{"line":21,"column":1}}},"2":{"name":"deleteTask","decl":{"start":{"line":23,"column":22},"end":{"line":23,"column":32}},"loc":{"start":{"line":23,"column":43},"end":{"line":33,"column":1}}},"3":{"name":"updateTask","decl":{"start":{"line":36,"column":22},"end":{"line":36,"column":32}},"loc":{"start":{"line":36,"column":112},"end":{"line":46,"column":1}}}},"branchMap":{"0":{"loc":{"start":{"line":3,"column":32},"end":{"line":3,"column":40}},"type":"default-arg","locations":[{"start":{"line":3,"column":39},"end":{"line":3,"column":40}}]},"1":{"loc":{"start":{"line":3,"column":42},"end":{"line":3,"column":52}},"type":"default-arg","locations":[{"start":{"line":3,"column":50},"end":{"line":3,"column":52}}]},"2":{"loc":{"start":{"line":18,"column":19},"end":{"line":18,"column":43}},"type":"binary-expr","locations":[{"start":{"line":18,"column":19},"end":{"line":18,"column":35}},{"start":{"line":18,"column":39},"end":{"line":18,"column":43}}]},"3":{"loc":{"start":{"line":25,"column":2},"end":{"line":27,"column":3}},"type":"if","locations":[{"start":{"line":25,"column":2},"end":{"line":27,"column":3}}]},"4":{"loc":{"start":{"line":25,"column":6},"end":{"line":25,"column":29}},"type":"binary-expr","locations":[{"start":{"line":25,"column":6},"end":{"line":25,"column":11}},{"start":{"line":25,"column":15},"end":{"line":25,"column":29}}]},"5":{"loc":{"start":{"line":38,"column":2},"end":{"line":38,"column":65}},"type":"if","locations":[{"start":{"line":38,"column":2},"end":{"line":38,"column":65}}]},"6":{"loc":{"start":{"line":38,"column":6},"end":{"line":38,"column":29}},"type":"binary-expr","locations":[{"start":{"line":38,"column":6},"end":{"line":38,"column":11}},{"start":{"line":38,"column":15},"end":{"line":38,"column":29}}]}},"s":{"0":3,"1":3,"2":3,"3":3,"4":3,"5":4,"6":4,"7":4,"8":5,"9":5,"10":1,"11":4,"12":8,"13":8,"14":2,"15":6},"f":{"0":4,"1":4,"2":5,"3":8},"b":{"0":[1],"1":[1],"2":[4,1],"3":[1],"4":[5,4],"5":[2],"6":[8,6]}}
,"Z:\\PgmApp\\TasksAPI-BackEnd\\src\\validators\\validateRequest.ts": {"path":"Z:\\PgmApp\\TasksAPI-BackEnd\\src\\validators\\validateRequest.ts","statementMap":{"0":{"start":{"line":4,"column":0},"end":{"line":4,"column":16}},"1":{"start":{"line":2,"column":0},"end":{"line":2,"column":53}},"2":{"start":{"line":5,"column":17},"end":{"line":5,"column":38}},"3":{"start":{"line":6,"column":2},"end":{"line":14,"column":3}},"4":{"start":{"line":7,"column":28},"end":{"line":7,"column":81}},"5":{"start":{"line":7,"column":54},"end":{"line":7,"column":80}},"6":{"start":{"line":9,"column":4},"end":{"line":13,"column":7}},"7":{"start":{"line":16,"column":2},"end":{"line":16,"column":9}}},"fnMap":{"0":{"name":"validateRequest","decl":{"start":{"line":4,"column":16},"end":{"line":4,"column":31}},"loc":{"start":{"line":4,"column":79},"end":{"line":17,"column":1}}},"1":{"name":"(anonymous_1)","decl":{"start":{"line":7,"column":47},"end":{"line":7,"column":50}},"loc":{"start":{"line":7,"column":54},"end":{"line":7,"column":80}}}},"branchMap":{"0":{"loc":{"start":{"line":6,"column":2},"end":{"line":14,"column":3}},"type":"if","locations":[{"start":{"line":6,"column":2},"end":{"line":14,"column":3}}]}},"s":{"0":3,"1":3,"2":15,"3":15,"4":4,"5":5,"6":4,"7":11},"f":{"0":15,"1":5},"b":{"0":[4]}}
}
