TN:
SF:src\app.ts
FN:24,(anonymous_1)
FN:26,(anonymous_2)
FNF:2
FNH:0
FNDA:0,(anonymous_1)
FNDA:0,(anonymous_2)
DA:1,1
DA:2,1
DA:3,1
DA:4,1
DA:5,1
DA:6,1
DA:8,1
DA:10,1
DA:12,1
DA:14,1
DA:20,1
DA:22,1
DA:24,1
DA:26,1
DA:27,0
DA:28,0
DA:30,1
DA:32,1
LF:18
LH:16
BRDA:28,0,0,0
BRDA:28,0,1,0
BRDA:28,1,0,0
BRDA:28,1,1,0
BRF:4
BRH:0
end_of_record
TN:
SF:src\config\swagger.ts
FN:5,(anonymous_1)
FNF:1
FNH:1
FNDA:1,(anonymous_1)
DA:1,1
DA:2,1
DA:5,1
DA:6,1
DA:17,1
DA:18,1
LF:6
LH:6
BRF:0
BRH:0
end_of_record
TN:
SF:src\controllers\taskController.ts
FN:4,listTasks
FN:13,createTask
FN:23,deleteTask
FN:33,completeTask
FNF:4
FNH:4
FNDA:1,listTasks
FNDA:1,createTask
FNDA:1,deleteTask
FNDA:1,completeTask
DA:2,1
DA:4,1
DA:5,1
DA:6,1
DA:7,1
DA:9,0
DA:13,1
DA:14,1
DA:15,1
DA:16,1
DA:17,1
DA:19,0
DA:23,1
DA:24,1
DA:25,1
DA:26,1
DA:27,1
DA:29,0
DA:33,1
DA:34,1
DA:35,1
DA:36,1
DA:37,1
DA:39,0
LF:24
LH:20
BRF:0
BRH:0
end_of_record
TN:
SF:src\db\prismaClient.ts
FNF:0
FNH:0
DA:1,1
DA:3,1
DA:5,1
LF:3
LH:3
BRF:0
BRH:0
end_of_record
TN:
SF:src\middleware\errorHandler.ts
FN:3,(anonymous_0)
FNF:1
FNH:0
FNDA:0,(anonymous_0)
DA:3,1
DA:4,0
DA:5,0
LF:3
LH:1
BRDA:5,0,0,0
BRDA:5,0,1,0
BRDA:7,1,0,0
BRDA:7,1,1,0
BRF:4
BRH:0
end_of_record
TN:
SF:src\routes\tasks.ts
FNF:0
FNH:0
DA:1,1
DA:2,1
DA:3,1
DA:4,1
DA:6,1
DA:8,1
DA:10,1
DA:18,1
DA:25,1
DA:33,1
LF:10
LH:10
BRF:0
BRH:0
end_of_record
TN:
SF:src\services\taskService.ts
FN:3,listTasks
FN:7,createTask
FN:16,deleteTask
FN:20,markComplete
FNF:4
FNH:3
FNDA:1,listTasks
FNDA:1,createTask
FNDA:0,deleteTask
FNDA:1,markComplete
DA:1,2
DA:3,2
DA:4,1
DA:7,2
DA:8,1
DA:16,2
DA:17,0
DA:20,2
DA:21,1
LF:9
LH:8
BRDA:11,0,0,1
BRDA:11,0,1,1
BRF:2
BRH:2
end_of_record
TN:
SF:src\validators\validateRequest.ts
FN:4,validateRequest
FNF:1
FNH:1
FNDA:6,validateRequest
DA:2,2
DA:4,2
DA:5,6
DA:6,6
DA:7,2
DA:9,4
LF:6
LH:6
BRDA:6,0,0,2
BRF:1
BRH:1
end_of_record
