TN:
SF:src\app.ts
FN:18,(anonymous_1)
FN:29,(anonymous_2)
FNF:2
FNH:2
FNDA:2,(anonymous_1)
FNDA:100,(anonymous_2)
DA:1,2
DA:2,2
DA:3,2
DA:4,2
DA:5,2
DA:6,2
DA:8,2
DA:10,2
DA:13,2
DA:15,2
DA:19,2
DA:20,2
DA:21,2
DA:25,2
DA:27,2
DA:29,100
DA:31,2
DA:33,2
LF:18
LH:18
BRF:0
BRH:0
end_of_record
TN:
SF:src\config\swagger.ts
FN:6,(anonymous_1)
FNF:1
FNH:1
FNDA:2,(anonymous_1)
DA:1,2
DA:2,2
DA:6,2
DA:7,2
DA:19,2
DA:21,2
DA:22,2
DA:24,2
LF:8
LH:8
BRF:0
BRH:0
end_of_record
TN:
SF:src\controllers\taskController.ts
FN:5,listTasks
FN:16,createTask
FN:32,deleteTask
FN:45,updateTaskController
FNF:4
FNH:4
FNDA:2,listTasks
FNDA:3,createTask
FNDA:3,deleteTask
FNDA:5,updateTaskController
DA:2,3
DA:3,3
DA:5,3
DA:6,2
DA:7,2
DA:8,2
DA:9,2
DA:10,1
DA:12,1
DA:16,3
DA:17,3
DA:18,3
DA:19,3
DA:21,3
DA:22,0
DA:25,3
DA:26,2
DA:28,1
DA:32,3
DA:33,3
DA:34,3
DA:35,3
DA:36,1
DA:38,2
DA:39,2
DA:41,0
DA:45,3
DA:46,5
DA:47,5
DA:48,5
DA:50,1
DA:51,0
DA:54,1
DA:56,4
DA:57,4
DA:59,0
LF:36
LH:32
BRDA:7,0,0,2
BRDA:7,0,1,1
BRDA:8,1,0,2
BRDA:8,1,1,1
BRDA:19,2,0,3
BRDA:19,2,1,0
BRDA:21,3,0,0
BRDA:21,4,0,3
BRDA:21,4,1,3
BRDA:38,5,0,2
BRDA:38,6,0,2
BRDA:38,6,1,1
BRDA:50,7,0,0
BRDA:56,8,0,4
BRDA:56,9,0,4
BRDA:56,9,1,3
BRF:16
BRH:13
end_of_record
TN:
SF:src\db\prismaClient.ts
FNF:0
FNH:0
DA:1,1
DA:3,1
DA:5,1
LF:3
LH:3
BRF:0
BRH:0
end_of_record
TN:
SF:src\middleware\errorHandler.ts
FN:3,(anonymous_0)
FNF:1
FNH:1
FNDA:10,(anonymous_0)
DA:3,4
DA:4,10
DA:5,10
DA:6,10
LF:4
LH:4
BRDA:5,0,0,1
BRDA:5,0,1,9
BRDA:5,1,0,9
BRDA:5,1,1,4
BRDA:8,2,0,10
BRDA:8,2,1,1
BRF:6
BRH:6
end_of_record
TN:
SF:src\routes\tasks.ts
FNF:0
FNH:0
DA:1,3
DA:2,3
DA:3,3
DA:4,3
DA:6,3
DA:135,3
DA:137,3
DA:153,3
DA:160,3
DA:167,3
LF:10
LH:10
BRF:0
BRH:0
end_of_record
TN:
SF:src\services\taskService.ts
FN:3,listTasks
FN:14,createTask
FN:23,deleteTask
FN:36,updateTask
FNF:4
FNH:4
FNDA:4,listTasks
FNDA:4,createTask
FNDA:5,deleteTask
FNDA:8,updateTask
DA:1,3
DA:3,3
DA:4,4
DA:5,4
DA:14,3
DA:15,4
DA:23,3
DA:24,5
DA:25,5
DA:26,1
DA:29,4
DA:36,3
DA:37,8
DA:38,8
DA:39,6
LF:15
LH:15
BRDA:3,0,0,1
BRDA:3,1,0,1
BRDA:18,2,0,4
BRDA:18,2,1,1
BRDA:25,3,0,1
BRDA:25,4,0,5
BRDA:25,4,1,4
BRDA:38,5,0,2
BRDA:38,6,0,8
BRDA:38,6,1,6
BRF:10
BRH:10
end_of_record
TN:
SF:src\validators\validateRequest.ts
FN:4,validateRequest
FN:7,(anonymous_1)
FNF:2
FNH:2
FNDA:15,validateRequest
FNDA:5,(anonymous_1)
DA:2,3
DA:4,3
DA:5,15
DA:6,15
DA:7,5
DA:9,4
DA:16,11
LF:7
LH:7
BRDA:6,0,0,4
BRF:1
BRH:1
end_of_record
